<?xml version="1.0" encoding="UTF-8" ?>
<testsuite errors="0" failures="0" hostname="mark-VIG580S" name="uk.ac.tees.silver.u0022190.ShareTest" tests="7" time="0.127" timestamp="2012-11-10T09:53:01">
  <properties>
[...]
</properties>
  <testcase classname="uk.ac.tees.silver.u0022190.ShareTest" name="testAddShareWatcher" time="0.004" />
  <testcase classname="uk.ac.tees.silver.u0022190.ShareTest" name="testRemoveShareWatcherValid" time="0.0" />
  <testcase classname="uk.ac.tees.silver.u0022190.ShareTest" name="testRemoveShareWatcherInvalid" time="0.0" />
  <testcase classname="uk.ac.tees.silver.u0022190.ShareTest" name="testChangePrice1" time="0.001" />
  <testcase classname="uk.ac.tees.silver.u0022190.ShareTest" name="testChangePrice2" time="0.001" />
  <testcase classname="uk.ac.tees.silver.u0022190.ShareTest" name="testChangePrice3" time="0.0" />
  <testcase classname="uk.ac.tees.silver.u0022190.ShareTest" name="testGetPrice" time="0.0" />
  <system-out><![CDATA[]]></system-out>
  <system-err><![CDATA[]]></system-err>
</testsuite>
