<?xml version="1.0" encoding="UTF-8" ?>
<testsuite errors="0" failures="0" hostname="kAnastasov" name="uk.ac.tees.L1087591.gold.InfoTest" tests="5" time="0.29" timestamp="2012-11-30T14:11:42">
  <properties>
[...]
</properties>
  <testcase classname="uk.ac.tees.L1087591.gold.InfoTest" name="testGetType" time="0.004" />
  <testcase classname="uk.ac.tees.L1087591.gold.InfoTest" name="testGetWeight" time="0.0" />
  <testcase classname="uk.ac.tees.L1087591.gold.InfoTest" name="checkSuperclass" time="0.0" />
  <testcase classname="uk.ac.tees.L1087591.gold.InfoTest" name="checkNumberOfInfo" time="0.0" />
  <testcase classname="uk.ac.tees.L1087591.gold.InfoTest" name="checkEnumInfo" time="0.0" />
  <system-out><![CDATA[Testing class Info
	Checking types in Info			OK
	Checking weights in Info		OK
	Checking class Info is enum		OK
	Checking number of values in Info	OK
	Checking values in Info			OK
Finished testing class Info
]]></system-out>
  <system-err><![CDATA[]]></system-err>
</testsuite>
