<?xml version="1.0" encoding="UTF-8" ?>
<testsuite errors="0" failures="0" hostname="kAnastasov" name="uk.ac.tees.gold.L1087591.NormalStateTest" tests="2" time="0.129" timestamp="2012-11-30T16:52:41">
  <properties>
[...]
</properties>
  <testcase classname="uk.ac.tees.gold.L1087591.NormalStateTest" name="testMove" time="0.006" />
  <testcase classname="uk.ac.tees.gold.L1087591.NormalStateTest" name="testFire" time="0.0" />
  <system-out><![CDATA[Seccuees: 4
Fire order: Success 6/6
Partial: -2
Partial: 0
Fire order: Partial success 4/6
Fail: -6
Fire order: Failure 0/6
]]></system-out>
  <system-err><![CDATA[]]></system-err>
</testsuite>
